2021-10-28 02:25:13.234 UTC [1] LOG:  starting PostgreSQL 14.0 on x86_64-pc-linux-gnu, compiled by gcc (GCC) 4.8.5 20150623 (Red Hat 4.8.5-44), 64-bit
2021-10-28 02:25:13.234 UTC [1] LOG:  listening on IPv4 address "127.0.0.1", port 5432
2021-10-28 02:25:13.234 UTC [1] LOG:  could not bind IPv6 address "::1": Cannot assign requested address
2021-10-28 02:25:13.238 UTC [1] LOG:  listening on Unix socket "/var/run/postgresql/.s.PGSQL.5432"
2021-10-28 02:25:13.242 UTC [1] LOG:  listening on Unix socket "/tmp/.s.PGSQL.5432"
2021-10-28 02:25:13.251 UTC [40] LOG:  database system was shut down at 2021-10-28 02:25:12 UTC
2021-10-28 02:25:13.276 UTC [1] LOG:  database system is ready to accept connections
2021-10-28 02:40:06.410 UTC [1] LOG:  received smart shutdown request
2021-10-28 02:40:06.415 UTC [1] LOG:  background worker "logical replication launcher" (PID 46) exited with exit code 1
2021-10-28 02:40:06.417 UTC [41] LOG:  shutting down
2021-10-28 02:40:06.445 UTC [1] LOG:  database system is shut down
2021-10-28 02:40:06.900 UTC [1] LOG:  starting PostgreSQL 14.0 on x86_64-pc-linux-gnu, compiled by gcc (GCC) 4.8.5 20150623 (Red Hat 4.8.5-44), 64-bit
2021-10-28 02:40:06.900 UTC [1] LOG:  listening on IPv4 address "0.0.0.0", port 5432
2021-10-28 02:40:06.900 UTC [1] LOG:  listening on IPv6 address "::", port 5432
2021-10-28 02:40:06.905 UTC [1] LOG:  listening on Unix socket "/var/run/postgresql/.s.PGSQL.5432"
2021-10-28 02:40:06.910 UTC [1] LOG:  listening on Unix socket "/tmp/.s.PGSQL.5432"
2021-10-28 02:40:06.931 UTC [9] LOG:  database system was shut down at 2021-10-28 02:40:06 UTC
2021-10-28 02:40:06.948 UTC [1] LOG:  database system is ready to accept connections
2021-10-28 02:46:39.484 UTC [45] ERROR:  syntax error at or near "-" at character 23
2021-10-28 02:46:39.484 UTC [45] STATEMENT:  create database docker-template
2021-10-28 02:46:39.512 UTC [45] ERROR:  current transaction is aborted, commands ignored until end of transaction block
2021-10-28 02:46:39.512 UTC [45] STATEMENT:  select current_database() as a, current_schemas(false) as b
2021-10-28 02:46:47.027 UTC [45] ERROR:  CREATE DATABASE cannot run inside a transaction block
2021-10-28 02:46:47.027 UTC [45] STATEMENT:  create database docker_template
2021-10-28 02:46:47.033 UTC [45] ERROR:  current transaction is aborted, commands ignored until end of transaction block
2021-10-28 02:46:47.033 UTC [45] STATEMENT:  select current_database() as a, current_schemas(false) as b
2021-10-28 02:56:36.907 UTC [72] FATAL:  database "template-db" does not exist
2021-10-28 03:25:41.074 UTC [132] WARNING:  could not open statistics file "pg_stat_tmp/global.stat": Operation not permitted
2021-10-28 04:00:14.081 UTC [14] LOG:  stats_timestamp 2021-10-28 04:00:14.094534+00 is later than collector's time 2021-10-28 04:00:14.081071+00 for database 16384
2021-10-28 04:17:45.066 UTC [236] WARNING:  could not open statistics file "pg_stat_tmp/global.stat": Operation not permitted
2021-10-28 04:26:45.738 UTC [254] WARNING:  could not open statistics file "pg_stat_tmp/global.stat": Operation not permitted
2021-10-28 04:37:17.124 UTC [275] WARNING:  could not open statistics file "pg_stat_tmp/global.stat": Operation not permitted
2021-10-28 06:20:25.340 UTC [481] WARNING:  could not open statistics file "pg_stat_tmp/global.stat": Operation not permitted
2021-10-28 07:04:59.608 UTC [570] WARNING:  could not open statistics file "pg_stat_tmp/global.stat": Operation not permitted
